[2025-07-03T17:50:12.537+0000] {local_task_job_runner.py:123} INFO - ::group::Pre task execution logs
[2025-07-03T17:50:12.543+0000] {taskinstance.py:2613} INFO - Dependencies all met for dep_context=non-requeueable deps ti=<TaskInstance: margosha_fp_dag.landing_to_bronze manual__2025-07-03T17:50:09.067084+00:00 [queued]>
[2025-07-03T17:50:12.545+0000] {taskinstance.py:2613} INFO - Dependencies all met for dep_context=requeueable deps ti=<TaskInstance: margosha_fp_dag.landing_to_bronze manual__2025-07-03T17:50:09.067084+00:00 [queued]>
[2025-07-03T17:50:12.546+0000] {taskinstance.py:2866} INFO - Starting attempt 1 of 1
[2025-07-03T17:50:12.550+0000] {taskinstance.py:2889} INFO - Executing <Task(SparkSubmitOperator): landing_to_bronze> on 2025-07-03 17:50:09.067084+00:00
[2025-07-03T17:50:12.552+0000] {standard_task_runner.py:72} INFO - Started process 98 to run task
[2025-07-03T17:50:12.557+0000] {standard_task_runner.py:104} INFO - Running: ['airflow', 'tasks', 'run', 'margosha_fp_dag', 'landing_to_bronze', 'manual__2025-07-03T17:50:09.067084+00:00', '--job-id', '3', '--raw', '--subdir', 'DAGS_FOLDER/margosha/project_solution.py', '--cfg-path', '/tmp/tmplxwoe6uo']
[2025-07-03T17:50:12.559+0000] {standard_task_runner.py:105} INFO - Job 3: Subtask landing_to_bronze
[2025-07-03T17:50:12.584+0000] {task_command.py:467} INFO - Running <TaskInstance: margosha_fp_dag.landing_to_bronze manual__2025-07-03T17:50:09.067084+00:00 [running]> on host 39b5ac792cf9
[2025-07-03T17:50:12.617+0000] {taskinstance.py:3132} INFO - Exporting env vars: AIRFLOW_CTX_DAG_OWNER='margosha' AIRFLOW_CTX_DAG_ID='margosha_fp_dag' AIRFLOW_CTX_TASK_ID='landing_to_bronze' AIRFLOW_CTX_EXECUTION_DATE='2025-07-03T17:50:09.067084+00:00' AIRFLOW_CTX_TRY_NUMBER='1' AIRFLOW_CTX_DAG_RUN_ID='manual__2025-07-03T17:50:09.067084+00:00'
[2025-07-03T17:50:12.617+0000] {taskinstance.py:731} INFO - ::endgroup::
[2025-07-03T17:50:12.651+0000] {spark_submit.py:273} INFO - Could not load connection string spark-default, defaulting to yarn
[2025-07-03T17:50:12.651+0000] {spark_submit.py:403} INFO - Spark-Submit cmd: spark-submit --master yarn --conf spark.master=local[*] --conf spark.executor.memory=1g --conf spark.driver.memory=1g --conf spark.sql.adaptive.enabled=false --name arrow-spark --verbose /opt/airflow/dags/margosha/landing_to_bronze.py /opt/shared
[2025-07-03T17:50:13.776+0000] {spark_submit.py:579} INFO - Using properties file: null
[2025-07-03T17:50:13.827+0000] {spark_submit.py:579} INFO - Exception in thread "main" org.apache.spark.SparkException: When running with master 'yarn' either HADOOP_CONF_DIR or YARN_CONF_DIR must be set in the environment.
[2025-07-03T17:50:13.828+0000] {spark_submit.py:579} INFO - at org.apache.spark.deploy.SparkSubmitArguments.error(SparkSubmitArguments.scala:650)
[2025-07-03T17:50:13.828+0000] {spark_submit.py:579} INFO - at org.apache.spark.deploy.SparkSubmitArguments.validateSubmitArguments(SparkSubmitArguments.scala:281)
[2025-07-03T17:50:13.828+0000] {spark_submit.py:579} INFO - at org.apache.spark.deploy.SparkSubmitArguments.validateArguments(SparkSubmitArguments.scala:237)
[2025-07-03T17:50:13.828+0000] {spark_submit.py:579} INFO - at org.apache.spark.deploy.SparkSubmitArguments.<init>(SparkSubmitArguments.scala:122)
[2025-07-03T17:50:13.828+0000] {spark_submit.py:579} INFO - at org.apache.spark.deploy.SparkSubmit$$anon$2$$anon$3.<init>(SparkSubmit.scala:1103)
[2025-07-03T17:50:13.829+0000] {spark_submit.py:579} INFO - at org.apache.spark.deploy.SparkSubmit$$anon$2.parseArguments(SparkSubmit.scala:1103)
[2025-07-03T17:50:13.829+0000] {spark_submit.py:579} INFO - at org.apache.spark.deploy.SparkSubmit.doSubmit(SparkSubmit.scala:86)
[2025-07-03T17:50:13.829+0000] {spark_submit.py:579} INFO - at org.apache.spark.deploy.SparkSubmit$$anon$2.doSubmit(SparkSubmit.scala:1120)
[2025-07-03T17:50:13.829+0000] {spark_submit.py:579} INFO - at org.apache.spark.deploy.SparkSubmit$.main(SparkSubmit.scala:1129)
[2025-07-03T17:50:13.829+0000] {spark_submit.py:579} INFO - at org.apache.spark.deploy.SparkSubmit.main(SparkSubmit.scala)
[2025-07-03T17:50:13.850+0000] {taskinstance.py:3311} ERROR - Task failed with exception
Traceback (most recent call last):
  File "/home/airflow/.local/lib/python3.12/site-packages/airflow/models/taskinstance.py", line 767, in _execute_task
    result = _execute_callable(context=context, **execute_callable_kwargs)
             ^^^^^^^^^^^^^^^^^^^^^^^^^^^^^^^^^^^^^^^^^^^^^^^^^^^^^^^^^^^^^
  File "/home/airflow/.local/lib/python3.12/site-packages/airflow/models/taskinstance.py", line 733, in _execute_callable
    return ExecutionCallableRunner(
           ^^^^^^^^^^^^^^^^^^^^^^^^
  File "/home/airflow/.local/lib/python3.12/site-packages/airflow/utils/operator_helpers.py", line 252, in run
    return self.func(*args, **kwargs)
           ^^^^^^^^^^^^^^^^^^^^^^^^^^
  File "/home/airflow/.local/lib/python3.12/site-packages/airflow/models/baseoperator.py", line 417, in wrapper
    return func(self, *args, **kwargs)
           ^^^^^^^^^^^^^^^^^^^^^^^^^^^
  File "/home/airflow/.local/lib/python3.12/site-packages/airflow/providers/apache/spark/operators/spark_submit.py", line 174, in execute
    self._hook.submit(self.application)
  File "/home/airflow/.local/lib/python3.12/site-packages/airflow/providers/apache/spark/hooks/spark_submit.py", line 505, in submit
    raise AirflowException(
airflow.exceptions.AirflowException: Cannot execute: spark-submit --master yarn --conf spark.master=local[*] --conf spark.executor.memory=1g --conf spark.driver.memory=1g --conf spark.sql.adaptive.enabled=false --name arrow-spark --verbose /opt/airflow/dags/margosha/landing_to_bronze.py /opt/shared. Error code is: 1.
[2025-07-03T17:50:13.853+0000] {taskinstance.py:1225} INFO - Marking task as FAILED. dag_id=margosha_fp_dag, task_id=landing_to_bronze, run_id=manual__2025-07-03T17:50:09.067084+00:00, execution_date=20250703T175009, start_date=20250703T175012, end_date=20250703T175013
[2025-07-03T17:50:13.858+0000] {taskinstance.py:340} INFO - ::group::Post task execution logs
[2025-07-03T17:50:13.858+0000] {standard_task_runner.py:124} ERROR - Failed to execute job 3 for task landing_to_bronze (Cannot execute: spark-submit --master yarn --conf spark.master=local[*] --conf spark.executor.memory=1g --conf spark.driver.memory=1g --conf spark.sql.adaptive.enabled=false --name arrow-spark --verbose /opt/airflow/dags/margosha/landing_to_bronze.py /opt/shared. Error code is: 1.; 98)
Traceback (most recent call last):
  File "/home/airflow/.local/lib/python3.12/site-packages/airflow/task/task_runner/standard_task_runner.py", line 117, in _start_by_fork
    ret = args.func(args, dag=self.dag)
          ^^^^^^^^^^^^^^^^^^^^^^^^^^^^^
  File "/home/airflow/.local/lib/python3.12/site-packages/airflow/cli/cli_config.py", line 49, in command
    return func(*args, **kwargs)
           ^^^^^^^^^^^^^^^^^^^^^
  File "/home/airflow/.local/lib/python3.12/site-packages/airflow/utils/cli.py", line 116, in wrapper
    return f(*args, **kwargs)
           ^^^^^^^^^^^^^^^^^^
  File "/home/airflow/.local/lib/python3.12/site-packages/airflow/cli/commands/task_command.py", line 483, in task_run
    task_return_code = _run_task_by_selected_method(args, _dag, ti)
                       ^^^^^^^^^^^^^^^^^^^^^^^^^^^^^^^^^^^^^^^^^^^^
  File "/home/airflow/.local/lib/python3.12/site-packages/airflow/cli/commands/task_command.py", line 256, in _run_task_by_selected_method
    return _run_raw_task(args, ti)
           ^^^^^^^^^^^^^^^^^^^^^^^
  File "/home/airflow/.local/lib/python3.12/site-packages/airflow/cli/commands/task_command.py", line 341, in _run_raw_task
    return ti._run_raw_task(
           ^^^^^^^^^^^^^^^^^
  File "/home/airflow/.local/lib/python3.12/site-packages/airflow/utils/session.py", line 97, in wrapper
    return func(*args, session=session, **kwargs)
           ^^^^^^^^^^^^^^^^^^^^^^^^^^^^^^^^^^^^^^
  File "/home/airflow/.local/lib/python3.12/site-packages/airflow/models/taskinstance.py", line 3005, in _run_raw_task
    return _run_raw_task(
           ^^^^^^^^^^^^^^
  File "/home/airflow/.local/lib/python3.12/site-packages/airflow/models/taskinstance.py", line 273, in _run_raw_task
    TaskInstance._execute_task_with_callbacks(
  File "/home/airflow/.local/lib/python3.12/site-packages/airflow/models/taskinstance.py", line 3159, in _execute_task_with_callbacks
    result = self._execute_task(context, task_orig)
             ^^^^^^^^^^^^^^^^^^^^^^^^^^^^^^^^^^^^^^
  File "/home/airflow/.local/lib/python3.12/site-packages/airflow/models/taskinstance.py", line 3183, in _execute_task
    return _execute_task(self, context, task_orig)
           ^^^^^^^^^^^^^^^^^^^^^^^^^^^^^^^^^^^^^^^
  File "/home/airflow/.local/lib/python3.12/site-packages/airflow/models/taskinstance.py", line 767, in _execute_task
    result = _execute_callable(context=context, **execute_callable_kwargs)
             ^^^^^^^^^^^^^^^^^^^^^^^^^^^^^^^^^^^^^^^^^^^^^^^^^^^^^^^^^^^^^
  File "/home/airflow/.local/lib/python3.12/site-packages/airflow/models/taskinstance.py", line 733, in _execute_callable
    return ExecutionCallableRunner(
           ^^^^^^^^^^^^^^^^^^^^^^^^
  File "/home/airflow/.local/lib/python3.12/site-packages/airflow/utils/operator_helpers.py", line 252, in run
    return self.func(*args, **kwargs)
           ^^^^^^^^^^^^^^^^^^^^^^^^^^
  File "/home/airflow/.local/lib/python3.12/site-packages/airflow/models/baseoperator.py", line 417, in wrapper
    return func(self, *args, **kwargs)
           ^^^^^^^^^^^^^^^^^^^^^^^^^^^
  File "/home/airflow/.local/lib/python3.12/site-packages/airflow/providers/apache/spark/operators/spark_submit.py", line 174, in execute
    self._hook.submit(self.application)
  File "/home/airflow/.local/lib/python3.12/site-packages/airflow/providers/apache/spark/hooks/spark_submit.py", line 505, in submit
    raise AirflowException(
airflow.exceptions.AirflowException: Cannot execute: spark-submit --master yarn --conf spark.master=local[*] --conf spark.executor.memory=1g --conf spark.driver.memory=1g --conf spark.sql.adaptive.enabled=false --name arrow-spark --verbose /opt/airflow/dags/margosha/landing_to_bronze.py /opt/shared. Error code is: 1.
[2025-07-03T17:50:13.891+0000] {local_task_job_runner.py:266} INFO - Task exited with return code 1
[2025-07-03T17:50:13.901+0000] {taskinstance.py:3895} INFO - 0 downstream tasks scheduled from follow-on schedule check
[2025-07-03T17:50:13.903+0000] {local_task_job_runner.py:245} INFO - ::endgroup::
